2025-01-19 18:39:01,462 - INFO - Found 1 CSV files
2025-01-19 18:39:01,476 - INFO - Processing: detail_bill_dec.csv
2025-01-19 18:39:01,539 - INFO - Removed 4 duplicate records
2025-01-19 18:39:01,540 - INFO - Successfully processed 4,459 records from detail_bill_dec.csv
2025-01-19 18:39:01,541 - INFO - Total records loaded: 4,459
2025-01-19 18:39:01,543 - INFO - Writing 4,459 records to database
2025-01-19 18:39:01,584 - INFO - Creating menu summary table...
2025-01-19 18:39:01,596 - INFO - Creating monthly summary table...
2025-01-19 18:39:01,626 - ERROR - Error: create_indices() takes 1 positional argument but 3 were given
2025-01-19 18:42:20,302 - INFO - Found 1 CSV files
2025-01-19 18:42:20,309 - INFO - Processing: detail_bill_dec.csv
2025-01-19 18:42:20,353 - INFO - Removed 4 duplicate records
2025-01-19 18:42:20,354 - INFO - Successfully processed 4,459 records from detail_bill_dec.csv
2025-01-19 18:42:20,355 - INFO - Total records loaded: 4,459
2025-01-19 18:42:20,358 - INFO - Writing 4,459 records to database
2025-01-19 18:42:20,399 - INFO - Creating menu summary table...
2025-01-19 18:42:20,408 - INFO - Creating monthly summary table...
2025-01-19 18:42:20,463 - INFO - 
Ingestion complete!
2025-01-19 18:42:20,464 - INFO - Unique menu items: 0
2025-01-19 18:42:20,464 - INFO - Menu categories: 12
2025-01-19 18:42:20,464 - INFO - Date range: 2024-12-01 12:51:00 to 2024-12-31 21:06:00
